<?xml version="1.0" encoding="UTF-8"?>
<!-- Generated by org.testng.reporters.JUnitReportReporter -->
<testsuite hostname="Pune-Laptop136" name="com.midtrans.demo.testcases.ProductPurchaseSuccessFlowTest" tests="1" failures="0" timestamp="7 Mar 2020 10:47:11 GMT" time="4.649" errors="0">
  <testcase name="setup" time="4.649" classname="com.midtrans.demo.testcases.ProductPurchaseSuccessFlowTest"/>
</testsuite> <!-- com.midtrans.demo.testcases.ProductPurchaseSuccessFlowTest -->
